

Version:	3.8
CmdLine:	E:\Local\Lab\Eclipse\CircuitMod v2.5\setup\circuitmod.exe --l4j-debug
WOW64:		no
Working dir:	E:\Local\Lab\Eclipse\CircuitMod v2.5\setup\.
Bundled JRE:	C:\Program Files\Java\jdk1.6.0_25\bin
Check launcher:	C:\Program Files\Java\jdk1.6.0_25\bin\bin\javaw.exe (not found)
32-bit search:	SOFTWARE\JavaSoft\Java Runtime Environment...
Check:		SOFTWARE\JavaSoft\Java Runtime Environment\1.8
Check launcher:	C:\Program Files\Java\jre1.8.0_66\bin\javaw.exe (OK)
Match:		1.8
Check:		SOFTWARE\JavaSoft\Java Runtime Environment\1.8.0_60
Check launcher:	C:\Program Files\Java\jre1.8.0_60\bin\javaw.exe (not found)
Ignore:		1.8.0_60
Check:		SOFTWARE\JavaSoft\Java Runtime Environment\1.8.0_66
Check launcher:	C:\Program Files\Java\jre1.8.0_66\bin\javaw.exe (OK)
Match:		1.8.0_66
32-bit search:	SOFTWARE\JavaSoft\Java Development Kit...
Check:		SOFTWARE\JavaSoft\Java Development Kit\1.8
Ignore:		1.8
Check:		SOFTWARE\JavaSoft\Java Development Kit\1.8.0_40
Ignore:		1.8.0_40
Runtime used:	1.8.0_66 (32-bit)
Substitute:	PATH = C:\Python27\;C:\Python27\Scripts;C:\ProgramData\Oracle\Java\javapath;C:\Program Files\NVIDIA Corporation\PhysX\Common;E:\local\entorno\bin;C:\Windows\system32;C:\Windows;C:\Windows\System32\Wbem;C:\Program Files\Intel\DMIX;C:\Program Files\Autodesk\Backburner\;C:\Program Files\Common Files\Autodesk Shared\;;C:\Program Files\Smart Projects\IsoBuster;C:\Program Files\Java\jdk1.6.0_25\bin;C:\Program Files\Android\android-sdk\platform-tools;C:\Program Files\HI-TECH Software\PICC\9.83\bin;C:\Program Files\Flac;C:\Program Files\Microchip\xc8\v1.31\bin;C:\Program Files\QuickTime\QTSystem\;E:\Xampp\perl\bin;E:\Xampp\php;C:\ProgramData\ComposerSetup\bin;C:\Program Files\Skype\Phone\;C:\Program Files\Java\jre1.8.0_66\bin;C:\Program Files\Java\jre1.8.0_66\bin
Add classpath:	.
Launcher:	C:\Program Files\Java\jre1.8.0_66\bin\javaw.exe
Launcher args:	-Denv.path="C:\Python27\;C:\Python27\Scripts;C:\ProgramData\Oracle\Java\javapath;C:\Program Files\NVIDIA Corporation\PhysX\Common;E:\local\entorno\bin;C:\Windows\system32;C:\Windows;C:\Windows\System32\Wbem;C:\Program Files\Intel\DMIX;C:\Program Files\Autodesk\Backburner\;C:\Program Files\Common Files\Autodesk Shared\;;C:\Program Files\Smart Projects\IsoBuster;C:\Program Files\Java\jdk1.6.0_25\bin;C:\Program Files\Android\android-sdk\platform-tools;C:\Program Files\HI-TECH Software\PICC\9.83\bin;C:\Program Files\Flac;C:\Program Files\Microchip\xc8\v1.31\bin;C:\Program Files\QuickTime\QTSystem\;E:\Xampp\perl\bin;E:\Xampp\php;C:\ProgramData\ComposerSetup\bin;C:\Program Files\Skype\Phone\;C:\Program Files\Java\jre1.8.0_66\bin;C:\Program Files\Java\jre1.8.0_66\bin" -classpath "E:\Local\Lab\Eclipse\CircuitMod v2.5\setup\circuitmod.exe;." Circuit
Args length:	852/32768 chars
Exit code:	0


Version:	3.8
CmdLine:	E:\Local\Lab\Eclipse\CircuitMod v2.5\setup\circuitmod.exe --l4j-debug
WOW64:		no
Working dir:	E:\Local\Lab\Eclipse\CircuitMod v2.5\setup\.
Bundled JRE:	C:\Program Files\Java\jdk1.6.0_25\bin
Check launcher:	C:\Program Files\Java\jdk1.6.0_25\bin\bin\javaw.exe (not found)
32-bit search:	SOFTWARE\JavaSoft\Java Runtime Environment...
Check:		SOFTWARE\JavaSoft\Java Runtime Environment\1.8
Check launcher:	C:\Program Files\Java\jre1.8.0_66\bin\javaw.exe (OK)
Match:		1.8
Check:		SOFTWARE\JavaSoft\Java Runtime Environment\1.8.0_60
Check launcher:	C:\Program Files\Java\jre1.8.0_60\bin\javaw.exe (not found)
Ignore:		1.8.0_60
Check:		SOFTWARE\JavaSoft\Java Runtime Environment\1.8.0_66
Check launcher:	C:\Program Files\Java\jre1.8.0_66\bin\javaw.exe (OK)
Match:		1.8.0_66
32-bit search:	SOFTWARE\JavaSoft\Java Development Kit...
Check:		SOFTWARE\JavaSoft\Java Development Kit\1.8
Ignore:		1.8
Check:		SOFTWARE\JavaSoft\Java Development Kit\1.8.0_40
Ignore:		1.8.0_40
Runtime used:	1.8.0_66 (32-bit)
Substitute:	PATH = C:\Python27\;C:\Python27\Scripts;C:\ProgramData\Oracle\Java\javapath;C:\Program Files\NVIDIA Corporation\PhysX\Common;E:\local\entorno\bin;C:\Windows\system32;C:\Windows;C:\Windows\System32\Wbem;C:\Program Files\Intel\DMIX;C:\Program Files\Autodesk\Backburner\;C:\Program Files\Common Files\Autodesk Shared\;;C:\Program Files\Smart Projects\IsoBuster;C:\Program Files\Java\jdk1.6.0_25\bin;C:\Program Files\Android\android-sdk\platform-tools;C:\Program Files\HI-TECH Software\PICC\9.83\bin;C:\Program Files\Flac;C:\Program Files\Microchip\xc8\v1.31\bin;C:\Program Files\QuickTime\QTSystem\;E:\Xampp\perl\bin;E:\Xampp\php;C:\ProgramData\ComposerSetup\bin;C:\Program Files\Skype\Phone\;C:\Program Files\Java\jre1.8.0_66\bin;C:\Program Files\Java\jre1.8.0_66\bin
Add classpath:	.
Launcher:	C:\Program Files\Java\jre1.8.0_66\bin\javaw.exe
Launcher args:	-Denv.path="C:\Python27\;C:\Python27\Scripts;C:\ProgramData\Oracle\Java\javapath;C:\Program Files\NVIDIA Corporation\PhysX\Common;E:\local\entorno\bin;C:\Windows\system32;C:\Windows;C:\Windows\System32\Wbem;C:\Program Files\Intel\DMIX;C:\Program Files\Autodesk\Backburner\;C:\Program Files\Common Files\Autodesk Shared\;;C:\Program Files\Smart Projects\IsoBuster;C:\Program Files\Java\jdk1.6.0_25\bin;C:\Program Files\Android\android-sdk\platform-tools;C:\Program Files\HI-TECH Software\PICC\9.83\bin;C:\Program Files\Flac;C:\Program Files\Microchip\xc8\v1.31\bin;C:\Program Files\QuickTime\QTSystem\;E:\Xampp\perl\bin;E:\Xampp\php;C:\ProgramData\ComposerSetup\bin;C:\Program Files\Skype\Phone\;C:\Program Files\Java\jre1.8.0_66\bin;C:\Program Files\Java\jre1.8.0_66\bin" -classpath "E:\Local\Lab\Eclipse\CircuitMod v2.5\setup\circuitmod.exe;." Circuit
Args length:	852/32768 chars
Exit code:	0


Version:	3.8
CmdLine:	E:\Local\Lab\Eclipse\CircuitMod v2.6\setup\circuitmod.exe --l4j-debug
WOW64:		no
Working dir:	E:\Local\Lab\Eclipse\CircuitMod v2.6\setup\.
Bundled JRE:	C:\Program Files\Java\jdk1.6.0_25\bin
Check launcher:	C:\Program Files\Java\jdk1.6.0_25\bin\bin\javaw.exe (not found)
32-bit search:	SOFTWARE\JavaSoft\Java Runtime Environment...
Check:		SOFTWARE\JavaSoft\Java Runtime Environment\1.8
Check launcher:	C:\Program Files\Java\jre1.8.0_66\bin\javaw.exe (OK)
Match:		1.8
Check:		SOFTWARE\JavaSoft\Java Runtime Environment\1.8.0_60
Check launcher:	C:\Program Files\Java\jre1.8.0_60\bin\javaw.exe (not found)
Ignore:		1.8.0_60
Check:		SOFTWARE\JavaSoft\Java Runtime Environment\1.8.0_66
Check launcher:	C:\Program Files\Java\jre1.8.0_66\bin\javaw.exe (OK)
Match:		1.8.0_66
32-bit search:	SOFTWARE\JavaSoft\Java Development Kit...
Check:		SOFTWARE\JavaSoft\Java Development Kit\1.8
Ignore:		1.8
Check:		SOFTWARE\JavaSoft\Java Development Kit\1.8.0_40
Ignore:		1.8.0_40
Runtime used:	1.8.0_66 (32-bit)
Substitute:	PATH = C:\Python27\;C:\Python27\Scripts;C:\ProgramData\Oracle\Java\javapath;C:\Program Files\NVIDIA Corporation\PhysX\Common;E:\local\entorno\bin;C:\Windows\system32;C:\Windows;C:\Windows\System32\Wbem;C:\Program Files\Intel\DMIX;C:\Program Files\Autodesk\Backburner\;C:\Program Files\Common Files\Autodesk Shared\;;C:\Program Files\Smart Projects\IsoBuster;C:\Program Files\Java\jdk1.6.0_25\bin;C:\Program Files\Android\android-sdk\platform-tools;C:\Program Files\HI-TECH Software\PICC\9.83\bin;C:\Program Files\Flac;C:\Program Files\Microchip\xc8\v1.31\bin;C:\Program Files\QuickTime\QTSystem\;E:\Xampp\perl\bin;E:\Xampp\php;C:\ProgramData\ComposerSetup\bin;C:\Program Files\Skype\Phone\;C:\Program Files\Java\jre1.8.0_66\bin;C:\Program Files\Java\jre1.8.0_66\bin
Add classpath:	.
Launcher:	C:\Program Files\Java\jre1.8.0_66\bin\javaw.exe
Launcher args:	-Denv.path="C:\Python27\;C:\Python27\Scripts;C:\ProgramData\Oracle\Java\javapath;C:\Program Files\NVIDIA Corporation\PhysX\Common;E:\local\entorno\bin;C:\Windows\system32;C:\Windows;C:\Windows\System32\Wbem;C:\Program Files\Intel\DMIX;C:\Program Files\Autodesk\Backburner\;C:\Program Files\Common Files\Autodesk Shared\;;C:\Program Files\Smart Projects\IsoBuster;C:\Program Files\Java\jdk1.6.0_25\bin;C:\Program Files\Android\android-sdk\platform-tools;C:\Program Files\HI-TECH Software\PICC\9.83\bin;C:\Program Files\Flac;C:\Program Files\Microchip\xc8\v1.31\bin;C:\Program Files\QuickTime\QTSystem\;E:\Xampp\perl\bin;E:\Xampp\php;C:\ProgramData\ComposerSetup\bin;C:\Program Files\Skype\Phone\;C:\Program Files\Java\jre1.8.0_66\bin;C:\Program Files\Java\jre1.8.0_66\bin" -classpath "E:\Local\Lab\Eclipse\CircuitMod v2.6\setup\circuitmod.exe;." CircuitMod
Args length:	855/32768 chars
Exit code:	0
